<?xml version="1.0" encoding="UTF-8"?>
<testsuite name="TruckControllerTest" tests="1" skipped="0" failures="0" errors="0" timestamp="2023-04-28T01:23:48" hostname="YjdeMacBook-Pro.local" time="0.367">
  <properties/>
  <testcase name="tets()" classname="TruckControllerTest" time="0.367"/>
  <system-out><![CDATA[21:23:48.247 [Test worker] DEBUG org.apache.ibatis.logging.LogFactory - Logging initialized using 'class org.apache.ibatis.logging.slf4j.Slf4jImpl' adapter.
21:23:48.259 [Test worker] DEBUG org.apache.ibatis.datasource.pooled.PooledDataSource - PooledDataSource forcefully closed/removed all connections.
21:23:48.259 [Test worker] DEBUG org.apache.ibatis.datasource.pooled.PooledDataSource - PooledDataSource forcefully closed/removed all connections.
21:23:48.259 [Test worker] DEBUG org.apache.ibatis.datasource.pooled.PooledDataSource - PooledDataSource forcefully closed/removed all connections.
21:23:48.259 [Test worker] DEBUG org.apache.ibatis.datasource.pooled.PooledDataSource - PooledDataSource forcefully closed/removed all connections.
21:23:48.323 [Test worker] DEBUG org.apache.ibatis.transaction.jdbc.JdbcTransaction - Opening JDBC Connection
21:23:48.446 [Test worker] DEBUG org.apache.ibatis.datasource.pooled.PooledDataSource - Created connection 484841769.
21:23:48.447 [Test worker] DEBUG org.apache.ibatis.transaction.jdbc.JdbcTransaction - Setting autocommit to false on JDBC Connection [org.postgresql.jdbc.PgConnection@1ce61929]
21:23:48.451 [Test worker] DEBUG org.example.Database.PackagesMapper.getPackageById - ==>  Preparing: SELECT * FROM packages WHERE packageId = ?
21:23:48.468 [Test worker] DEBUG org.example.Database.PackagesMapper.getPackageById - ==> Parameters: 1(Integer)
21:23:48.488 [Test worker] DEBUG org.example.Database.PackagesMapper.getPackageById - <==      Total: 1
21:23:48.491 [Test worker] DEBUG org.example.Database.PackagesMapper.updatePackage - ==>  Preparing: UPDATE packages SET truckId = ?, userId = ?, "itemNum" = ?, "status" = ?, "description" = ?, "destx" = ?, "desty" = ? WHERE packageId = ?
21:23:48.492 [Test worker] DEBUG org.example.Database.PackagesMapper.updatePackage - ==> Parameters: 0(Integer), 10(String), 0(Integer), delivered(String), 1111111(String), 2(Integer), 2(Integer), 1(Integer)
21:23:48.495 [Test worker] DEBUG org.example.Database.PackagesMapper.updatePackage - <==    Updates: 1
21:23:48.495 [Test worker] DEBUG org.apache.ibatis.transaction.jdbc.JdbcTransaction - Committing JDBC Connection [org.postgresql.jdbc.PgConnection@1ce61929]
]]></system-out>
  <system-err><![CDATA[]]></system-err>
</testsuite>
